{"numTotalTestSuites":14,"numPassedTestSuites":14,"numFailedTestSuites":0,"numPendingTestSuites":0,"numTotalTests":18,"numPassedTests":18,"numFailedTests":0,"numPendingTests":0,"numTodoTests":0,"snapshot":{"added":0,"failure":false,"filesAdded":0,"filesRemoved":0,"filesRemovedList":[],"filesUnmatched":0,"filesUpdated":0,"matched":0,"total":0,"unchecked":0,"uncheckedKeysByFile":[],"unmatched":0,"updated":0,"didUpdate":false},"startTime":1771164165427,"success":true,"testResults":[{"assertionResults":[{"ancestorTitles":["Acceptance Criteria"],"fullName":"Acceptance Criteria RL-ACC-01: 100 parallel requests do not exceed theoretical upper bound","status":"passed","title":"RL-ACC-01: 100 parallel requests do not exceed theoretical upper bound","duration":17.963006000000007,"failureMessages":[],"meta":{}},{"ancestorTitles":["Acceptance Criteria"],"fullName":"Acceptance Criteria RL-ACC-02: same request_id converges to a single consumption","status":"passed","title":"RL-ACC-02: same request_id converges to a single consumption","duration":1.586782000000028,"failureMessages":[],"meta":{}},{"ancestorTitles":["Acceptance Criteria"],"fullName":"Acceptance Criteria RL-ACC-03: retry_after_ms is returned within expected range on deny","status":"passed","title":"RL-ACC-03: retry_after_ms is returned within expected range on deny","duration":0.6289199999999937,"failureMessages":[],"meta":{}}],"startTime":1771164165873,"endTime":1771164165893.629,"status":"passed","message":"","name":"/home/devuser/work/CodeX/ae-framework_exp07/tests/acceptance.spec.ts"},{"assertionResults":[{"ancestorTitles":["RateLimiter API"],"fullName":"RateLimiter API supports policy create/list and consume/check","status":"passed","title":"supports policy create/list and consume/check","duration":92.44207500000005,"failureMessages":[],"meta":{}},{"ancestorTitles":["RateLimiter API"],"fullName":"RateLimiter API returns 409 when same request_id uses different payload","status":"passed","title":"returns 409 when same request_id uses different payload","duration":9.852382000000034,"failureMessages":[],"meta":{}}],"startTime":1771164165895,"endTime":1771164165996.8523,"status":"passed","message":"","name":"/home/devuser/work/CodeX/ae-framework_exp07/tests/api.spec.ts"},{"assertionResults":[{"ancestorTitles":["E2E restart with file backend"],"fullName":"E2E restart with file backend retains policy/state/idempotency after process restart","status":"passed","title":"retains policy/state/idempotency after process restart","duration":512.05752,"failureMessages":[],"meta":{}}],"startTime":1771164165818,"endTime":1771164166330.0576,"status":"passed","message":"","name":"/home/devuser/work/CodeX/ae-framework_exp07/tests/e2e-restart.spec.ts"},{"assertionResults":[{"ancestorTitles":["RateLimiterEngine"],"fullName":"RateLimiterEngine TOKEN_BUCKET: deny returns retry_after_ms and tokens stay in bounds","status":"passed","title":"TOKEN_BUCKET: deny returns retry_after_ms and tokens stay in bounds","duration":3.361666000000014,"failureMessages":[],"meta":{}},{"ancestorTitles":["RateLimiterEngine"],"fullName":"RateLimiterEngine FIXED_WINDOW: allowed count does not exceed limit under concurrency","status":"passed","title":"FIXED_WINDOW: allowed count does not exceed limit under concurrency","duration":15.363447000000008,"failureMessages":[],"meta":{}},{"ancestorTitles":["RateLimiterEngine"],"fullName":"RateLimiterEngine dry_run does not consume quota","status":"passed","title":"dry_run does not consume quota","duration":0.5628269999999702,"failureMessages":[],"meta":{}},{"ancestorTitles":["RateLimiterEngine"],"fullName":"RateLimiterEngine idempotency key prevents double consume","status":"passed","title":"idempotency key prevents double consume","duration":1.1859869999999546,"failureMessages":[],"meta":{}},{"ancestorTitles":["RateLimiterEngine"],"fullName":"RateLimiterEngine idempotency mismatch returns conflict error","status":"passed","title":"idempotency mismatch returns conflict error","duration":0.8955970000000093,"failureMessages":[],"meta":{}}],"startTime":1771164165873,"endTime":1771164165894.8955,"status":"passed","message":"","name":"/home/devuser/work/CodeX/ae-framework_exp07/tests/engine.spec.ts"},{"assertionResults":[{"ancestorTitles":["MBT-style state machine tests"],"fullName":"MBT-style state machine tests matches reference model for consume/check/time_advance/retry sequence","status":"passed","title":"matches reference model for consume/check/time_advance/retry sequence","duration":13.213302999999996,"failureMessages":[],"meta":{}},{"ancestorTitles":["MBT-style state machine tests"],"fullName":"MBT-style state machine tests returns conflict on idempotency payload mismatch","status":"passed","title":"returns conflict on idempotency payload mismatch","duration":1.2396069999999781,"failureMessages":[],"meta":{}}],"startTime":1771164165873,"endTime":1771164165887.2395,"status":"passed","message":"","name":"/home/devuser/work/CodeX/ae-framework_exp07/tests/mbt.spec.ts"},{"assertionResults":[{"ancestorTitles":["File-backed storage"],"fullName":"File-backed storage persists policy and limiter states across engine restart","status":"passed","title":"persists policy and limiter states across engine restart","duration":16.317684999999983,"failureMessages":[],"meta":{}},{"ancestorTitles":["File-backed storage"],"fullName":"File-backed storage persists idempotency entries across engine restart","status":"passed","title":"persists idempotency entries across engine restart","duration":4.855684999999994,"failureMessages":[],"meta":{}}],"startTime":1771164165871,"endTime":1771164165891.8557,"status":"passed","message":"","name":"/home/devuser/work/CodeX/ae-framework_exp07/tests/persistence.spec.ts"},{"assertionResults":[{"ancestorTitles":["Property Tests"],"fullName":"Property Tests RL-INV-001/002: remaining stays within bounds under randomized sequence","status":"passed","title":"RL-INV-001/002: remaining stays within bounds under randomized sequence","duration":99.19037599999996,"failureMessages":[],"meta":{}},{"ancestorTitles":["Property Tests"],"fullName":"Property Tests RL-INV-003: parallel consume does not exceed theoretical upper bound","status":"passed","title":"RL-INV-003: parallel consume does not exceed theoretical upper bound","duration":43.77068399999996,"failureMessages":[],"meta":{}},{"ancestorTitles":["Property Tests"],"fullName":"Property Tests RL-INV-004: idempotent replay returns the same decision","status":"passed","title":"RL-INV-004: idempotent replay returns the same decision","duration":3.27074499999992,"failureMessages":[],"meta":{}}],"startTime":1771164165944,"endTime":1771164166090.2708,"status":"passed","message":"","name":"/home/devuser/work/CodeX/ae-framework_exp07/tests/property.spec.ts"}]}