{"numTotalTestSuites":14,"numPassedTestSuites":14,"numFailedTestSuites":0,"numPendingTestSuites":0,"numTotalTests":18,"numPassedTests":18,"numFailedTests":0,"numPendingTests":0,"numTodoTests":0,"snapshot":{"added":0,"failure":false,"filesAdded":0,"filesRemoved":0,"filesRemovedList":[],"filesUnmatched":0,"filesUpdated":0,"matched":0,"total":0,"unchecked":0,"uncheckedKeysByFile":[],"unmatched":0,"updated":0,"didUpdate":false},"startTime":1771191463630,"success":true,"testResults":[{"assertionResults":[{"ancestorTitles":["Acceptance Criteria"],"fullName":"Acceptance Criteria RL-ACC-01: 100 parallel requests do not exceed theoretical upper bound","status":"passed","title":"RL-ACC-01: 100 parallel requests do not exceed theoretical upper bound","duration":27.02517899999998,"failureMessages":[],"meta":{}},{"ancestorTitles":["Acceptance Criteria"],"fullName":"Acceptance Criteria RL-ACC-02: same request_id converges to a single consumption","status":"passed","title":"RL-ACC-02: same request_id converges to a single consumption","duration":1.943627000000049,"failureMessages":[],"meta":{}},{"ancestorTitles":["Acceptance Criteria"],"fullName":"Acceptance Criteria RL-ACC-03: retry_after_ms is returned within expected range on deny","status":"passed","title":"RL-ACC-03: retry_after_ms is returned within expected range on deny","duration":0.4406600000000367,"failureMessages":[],"meta":{}}],"startTime":1771191464112,"endTime":1771191464141.4407,"status":"passed","message":"","name":"/home/devuser/work/CodeX/ae-framework_exp07/tests/acceptance.spec.ts"},{"assertionResults":[{"ancestorTitles":["RateLimiter API"],"fullName":"RateLimiter API supports policy create/list and consume/check","status":"passed","title":"supports policy create/list and consume/check","duration":97.79450299999996,"failureMessages":[],"meta":{}},{"ancestorTitles":["RateLimiter API"],"fullName":"RateLimiter API returns 409 when same request_id uses different payload","status":"passed","title":"returns 409 when same request_id uses different payload","duration":7.7928419999999505,"failureMessages":[],"meta":{}}],"startTime":1771191464142,"endTime":1771191464247.7927,"status":"passed","message":"","name":"/home/devuser/work/CodeX/ae-framework_exp07/tests/api.spec.ts"},{"assertionResults":[{"ancestorTitles":["E2E restart with file backend"],"fullName":"E2E restart with file backend retains policy/state/idempotency after process restart","status":"passed","title":"retains policy/state/idempotency after process restart","duration":503.97969099999995,"failureMessages":[],"meta":{}}],"startTime":1771191464069,"endTime":1771191464572.9797,"status":"passed","message":"","name":"/home/devuser/work/CodeX/ae-framework_exp07/tests/e2e-restart.spec.ts"},{"assertionResults":[{"ancestorTitles":["RateLimiterEngine"],"fullName":"RateLimiterEngine TOKEN_BUCKET: deny returns retry_after_ms and tokens stay in bounds","status":"passed","title":"TOKEN_BUCKET: deny returns retry_after_ms and tokens stay in bounds","duration":3.555626000000018,"failureMessages":[],"meta":{}},{"ancestorTitles":["RateLimiterEngine"],"fullName":"RateLimiterEngine FIXED_WINDOW: allowed count does not exceed limit under concurrency","status":"passed","title":"FIXED_WINDOW: allowed count does not exceed limit under concurrency","duration":22.37116199999997,"failureMessages":[],"meta":{}},{"ancestorTitles":["RateLimiterEngine"],"fullName":"RateLimiterEngine dry_run does not consume quota","status":"passed","title":"dry_run does not consume quota","duration":0.4359820000000241,"failureMessages":[],"meta":{}},{"ancestorTitles":["RateLimiterEngine"],"fullName":"RateLimiterEngine idempotency key prevents double consume","status":"passed","title":"idempotency key prevents double consume","duration":0.8409950000000208,"failureMessages":[],"meta":{}},{"ancestorTitles":["RateLimiterEngine"],"fullName":"RateLimiterEngine idempotency mismatch returns conflict error","status":"passed","title":"idempotency mismatch returns conflict error","duration":1.183883000000037,"failureMessages":[],"meta":{}}],"startTime":1771191464112,"endTime":1771191464140.1838,"status":"passed","message":"","name":"/home/devuser/work/CodeX/ae-framework_exp07/tests/engine.spec.ts"},{"assertionResults":[{"ancestorTitles":["MBT-style state machine tests"],"fullName":"MBT-style state machine tests matches reference model for consume/check/time_advance/retry sequence","status":"passed","title":"matches reference model for consume/check/time_advance/retry sequence","duration":13.621106999999995,"failureMessages":[],"meta":{}},{"ancestorTitles":["MBT-style state machine tests"],"fullName":"MBT-style state machine tests returns conflict on idempotency payload mismatch","status":"passed","title":"returns conflict on idempotency payload mismatch","duration":1.9400989999999751,"failureMessages":[],"meta":{}}],"startTime":1771191464112,"endTime":1771191464127.9402,"status":"passed","message":"","name":"/home/devuser/work/CodeX/ae-framework_exp07/tests/mbt.spec.ts"},{"assertionResults":[{"ancestorTitles":["File-backed storage"],"fullName":"File-backed storage persists policy and limiter states across engine restart","status":"passed","title":"persists policy and limiter states across engine restart","duration":18.83717200000001,"failureMessages":[],"meta":{}},{"ancestorTitles":["File-backed storage"],"fullName":"File-backed storage persists idempotency entries across engine restart","status":"passed","title":"persists idempotency entries across engine restart","duration":9.138635000000022,"failureMessages":[],"meta":{}}],"startTime":1771191464110,"endTime":1771191464138.1387,"status":"passed","message":"","name":"/home/devuser/work/CodeX/ae-framework_exp07/tests/persistence.spec.ts"},{"assertionResults":[{"ancestorTitles":["Property Tests"],"fullName":"Property Tests RL-INV-001/002: remaining stays within bounds under randomized sequence","status":"passed","title":"RL-INV-001/002: remaining stays within bounds under randomized sequence","duration":104.345418,"failureMessages":[],"meta":{}},{"ancestorTitles":["Property Tests"],"fullName":"Property Tests RL-INV-003: parallel consume does not exceed theoretical upper bound","status":"passed","title":"RL-INV-003: parallel consume does not exceed theoretical upper bound","duration":31.657128000000057,"failureMessages":[],"meta":{}},{"ancestorTitles":["Property Tests"],"fullName":"Property Tests RL-INV-004: idempotent replay returns the same decision","status":"passed","title":"RL-INV-004: idempotent replay returns the same decision","duration":4.52579199999991,"failureMessages":[],"meta":{}}],"startTime":1771191464173,"endTime":1771191464313.526,"status":"passed","message":"","name":"/home/devuser/work/CodeX/ae-framework_exp07/tests/property.spec.ts"}]}