{"numTotalTestSuites":4,"numPassedTestSuites":4,"numFailedTestSuites":0,"numPendingTestSuites":0,"numTotalTests":7,"numPassedTests":7,"numFailedTests":0,"numPendingTests":0,"numTodoTests":0,"snapshot":{"added":0,"failure":false,"filesAdded":0,"filesRemoved":0,"filesRemovedList":[],"filesUnmatched":0,"filesUpdated":0,"matched":0,"total":0,"unchecked":0,"uncheckedKeysByFile":[],"unmatched":0,"updated":0,"didUpdate":false},"startTime":1771159382735,"success":true,"testResults":[{"assertionResults":[{"ancestorTitles":["RateLimiter API"],"fullName":"RateLimiter API supports policy create/list and consume/check","status":"passed","title":"supports policy create/list and consume/check","duration":65.55940199999998,"failureMessages":[],"meta":{}},{"ancestorTitles":["RateLimiter API"],"fullName":"RateLimiter API returns 409 when same request_id uses different payload","status":"passed","title":"returns 409 when same request_id uses different payload","duration":5.868635999999981,"failureMessages":[],"meta":{}}],"startTime":1771159383168,"endTime":1771159383239.8687,"status":"passed","message":"","name":"/home/devuser/work/CodeX/ae-framework_exp07/tests/api.spec.ts"},{"assertionResults":[{"ancestorTitles":["RateLimiterEngine"],"fullName":"RateLimiterEngine TOKEN_BUCKET: deny returns retry_after_ms and tokens stay in bounds","status":"passed","title":"TOKEN_BUCKET: deny returns retry_after_ms and tokens stay in bounds","duration":2.698541999999975,"failureMessages":[],"meta":{}},{"ancestorTitles":["RateLimiterEngine"],"fullName":"RateLimiterEngine FIXED_WINDOW: allowed count does not exceed limit under concurrency","status":"passed","title":"FIXED_WINDOW: allowed count does not exceed limit under concurrency","duration":14.259916000000032,"failureMessages":[],"meta":{}},{"ancestorTitles":["RateLimiterEngine"],"fullName":"RateLimiterEngine dry_run does not consume quota","status":"passed","title":"dry_run does not consume quota","duration":0.30142000000000735,"failureMessages":[],"meta":{}},{"ancestorTitles":["RateLimiterEngine"],"fullName":"RateLimiterEngine idempotency key prevents double consume","status":"passed","title":"idempotency key prevents double consume","duration":0.9477139999999622,"failureMessages":[],"meta":{}},{"ancestorTitles":["RateLimiterEngine"],"fullName":"RateLimiterEngine idempotency mismatch returns conflict error","status":"passed","title":"idempotency mismatch returns conflict error","duration":0.73141099999998,"failureMessages":[],"meta":{}}],"startTime":1771159383154,"endTime":1771159383172.7314,"status":"passed","message":"","name":"/home/devuser/work/CodeX/ae-framework_exp07/tests/engine.spec.ts"}]}