{"numTotalTestSuites":14,"numPassedTestSuites":14,"numFailedTestSuites":0,"numPendingTestSuites":0,"numTotalTests":18,"numPassedTests":18,"numFailedTests":0,"numPendingTests":0,"numTodoTests":0,"snapshot":{"added":0,"failure":false,"filesAdded":0,"filesRemoved":0,"filesRemovedList":[],"filesUnmatched":0,"filesUpdated":0,"matched":0,"total":0,"unchecked":0,"uncheckedKeysByFile":[],"unmatched":0,"updated":0,"didUpdate":false},"startTime":1771224211860,"success":true,"testResults":[{"assertionResults":[{"ancestorTitles":["Acceptance Criteria"],"fullName":"Acceptance Criteria RL-ACC-01: 100 parallel requests do not exceed theoretical upper bound","status":"passed","title":"RL-ACC-01: 100 parallel requests do not exceed theoretical upper bound","duration":21.01795900000002,"failureMessages":[],"meta":{}},{"ancestorTitles":["Acceptance Criteria"],"fullName":"Acceptance Criteria RL-ACC-02: same request_id converges to a single consumption","status":"passed","title":"RL-ACC-02: same request_id converges to a single consumption","duration":2.050426000000016,"failureMessages":[],"meta":{}},{"ancestorTitles":["Acceptance Criteria"],"fullName":"Acceptance Criteria RL-ACC-03: retry_after_ms is returned within expected range on deny","status":"passed","title":"RL-ACC-03: retry_after_ms is returned within expected range on deny","duration":0.6456019999999967,"failureMessages":[],"meta":{}}],"startTime":1771224212380,"endTime":1771224212403.6455,"status":"passed","message":"","name":"/home/devuser/work/CodeX/ae-framework_exp07/tests/acceptance.spec.ts"},{"assertionResults":[{"ancestorTitles":["RateLimiter API"],"fullName":"RateLimiter API supports policy create/list and consume/check","status":"passed","title":"supports policy create/list and consume/check","duration":127.594968,"failureMessages":[],"meta":{}},{"ancestorTitles":["RateLimiter API"],"fullName":"RateLimiter API returns 409 when same request_id uses different payload","status":"passed","title":"returns 409 when same request_id uses different payload","duration":10.785309000000098,"failureMessages":[],"meta":{}}],"startTime":1771224212438,"endTime":1771224212576.7854,"status":"passed","message":"","name":"/home/devuser/work/CodeX/ae-framework_exp07/tests/api.spec.ts"},{"assertionResults":[{"ancestorTitles":["E2E restart with file backend"],"fullName":"E2E restart with file backend retains policy/state/idempotency after process restart","status":"passed","title":"retains policy/state/idempotency after process restart","duration":518.808896,"failureMessages":[],"meta":{}}],"startTime":1771224212330,"endTime":1771224212848.8088,"status":"passed","message":"","name":"/home/devuser/work/CodeX/ae-framework_exp07/tests/e2e-restart.spec.ts"},{"assertionResults":[{"ancestorTitles":["RateLimiterEngine"],"fullName":"RateLimiterEngine TOKEN_BUCKET: deny returns retry_after_ms and tokens stay in bounds","status":"passed","title":"TOKEN_BUCKET: deny returns retry_after_ms and tokens stay in bounds","duration":3.8133359999999925,"failureMessages":[],"meta":{}},{"ancestorTitles":["RateLimiterEngine"],"fullName":"RateLimiterEngine FIXED_WINDOW: allowed count does not exceed limit under concurrency","status":"passed","title":"FIXED_WINDOW: allowed count does not exceed limit under concurrency","duration":19.611263000000008,"failureMessages":[],"meta":{}},{"ancestorTitles":["RateLimiterEngine"],"fullName":"RateLimiterEngine dry_run does not consume quota","status":"passed","title":"dry_run does not consume quota","duration":0.4858450000000403,"failureMessages":[],"meta":{}},{"ancestorTitles":["RateLimiterEngine"],"fullName":"RateLimiterEngine idempotency key prevents double consume","status":"passed","title":"idempotency key prevents double consume","duration":1.100889000000052,"failureMessages":[],"meta":{}},{"ancestorTitles":["RateLimiterEngine"],"fullName":"RateLimiterEngine idempotency mismatch returns conflict error","status":"passed","title":"idempotency mismatch returns conflict error","duration":1.0074050000000057,"failureMessages":[],"meta":{}}],"startTime":1771224212380,"endTime":1771224212406.0073,"status":"passed","message":"","name":"/home/devuser/work/CodeX/ae-framework_exp07/tests/engine.spec.ts"},{"assertionResults":[{"ancestorTitles":["MBT-style state machine tests"],"fullName":"MBT-style state machine tests matches reference model for consume/check/time_advance/retry sequence","status":"passed","title":"matches reference model for consume/check/time_advance/retry sequence","duration":12.234255000000019,"failureMessages":[],"meta":{}},{"ancestorTitles":["MBT-style state machine tests"],"fullName":"MBT-style state machine tests returns conflict on idempotency payload mismatch","status":"passed","title":"returns conflict on idempotency payload mismatch","duration":2.8876539999999977,"failureMessages":[],"meta":{}}],"startTime":1771224212380,"endTime":1771224212394.8877,"status":"passed","message":"","name":"/home/devuser/work/CodeX/ae-framework_exp07/tests/mbt.spec.ts"},{"assertionResults":[{"ancestorTitles":["File-backed storage"],"fullName":"File-backed storage persists policy and limiter states across engine restart","status":"passed","title":"persists policy and limiter states across engine restart","duration":14.859409000000028,"failureMessages":[],"meta":{}},{"ancestorTitles":["File-backed storage"],"fullName":"File-backed storage persists idempotency entries across engine restart","status":"passed","title":"persists idempotency entries across engine restart","duration":6.487983999999983,"failureMessages":[],"meta":{}}],"startTime":1771224212377,"endTime":1771224212398.488,"status":"passed","message":"","name":"/home/devuser/work/CodeX/ae-framework_exp07/tests/persistence.spec.ts"},{"assertionResults":[{"ancestorTitles":["Property Tests"],"fullName":"Property Tests RL-INV-001/002: remaining stays within bounds under randomized sequence","status":"passed","title":"RL-INV-001/002: remaining stays within bounds under randomized sequence","duration":148.40186499999993,"failureMessages":[],"meta":{}},{"ancestorTitles":["Property Tests"],"fullName":"Property Tests RL-INV-003: parallel consume does not exceed theoretical upper bound","status":"passed","title":"RL-INV-003: parallel consume does not exceed theoretical upper bound","duration":52.79567200000008,"failureMessages":[],"meta":{}},{"ancestorTitles":["Property Tests"],"fullName":"Property Tests RL-INV-004: idempotent replay returns the same decision","status":"passed","title":"RL-INV-004: idempotent replay returns the same decision","duration":2.5663449999999557,"failureMessages":[],"meta":{}}],"startTime":1771224212438,"endTime":1771224212641.5664,"status":"passed","message":"","name":"/home/devuser/work/CodeX/ae-framework_exp07/tests/property.spec.ts"}]}